<?xml version="1.0" encoding="UTF-8"?>
<!-- Generated by org.testng.reporters.JUnitReportReporter -->
<testsuite hostname="DESKTOP-SP47EQ8" failures="0" tests="1" name="sample.Demo" time="0.019" errors="0" timestamp="2023-04-12T10:22:37 IST" skipped="0">
  <testcase classname="sample.Demo" name="demo" time="0.019"/>
  <system-out/>
</testsuite> <!-- sample.Demo -->
